{"C:\\Users\\suhas\\Downloads\\se-project\\src\\app.js": {"path":"C:\\Users\\suhas\\Downloads\\se-project\\src\\app.js","all":false,"statementMap":{"0":{"start":{"line":1,"column":0},"end":{"line":1,"column":35}},"1":{"start":{"line":2,"column":0},"end":{"line":2,"column":55}},"2":{"start":{"line":3,"column":0},"end":{"line":3,"column":0}},"3":{"start":{"line":4,"column":0},"end":{"line":4,"column":22}},"4":{"start":{"line":5,"column":0},"end":{"line":5,"column":24}},"5":{"start":{"line":6,"column":0},"end":{"line":6,"column":0}},"6":{"start":{"line":7,"column":0},"end":{"line":7,"column":34}},"7":{"start":{"line":8,"column":0},"end":{"line":8,"column":25}},"8":{"start":{"line":9,"column":0},"end":{"line":9,"column":3}},"9":{"start":{"line":10,"column":0},"end":{"line":10,"column":0}},"10":{"start":{"line":11,"column":0},"end":{"line":11,"column":42}},"11":{"start":{"line":12,"column":0},"end":{"line":12,"column":7}},"12":{"start":{"line":13,"column":0},"end":{"line":13,"column":29}},"13":{"start":{"line":14,"column":0},"end":{"line":14,"column":0}},"14":{"start":{"line":15,"column":0},"end":{"line":15,"column":15}},"15":{"start":{"line":16,"column":0},"end":{"line":16,"column":61}},"16":{"start":{"line":17,"column":0},"end":{"line":17,"column":5}},"17":{"start":{"line":18,"column":0},"end":{"line":18,"column":0}},"18":{"start":{"line":19,"column":0},"end":{"line":19,"column":54}},"19":{"start":{"line":20,"column":0},"end":{"line":20,"column":38}},"20":{"start":{"line":21,"column":0},"end":{"line":21,"column":0}},"21":{"start":{"line":22,"column":0},"end":{"line":22,"column":36}},"22":{"start":{"line":23,"column":0},"end":{"line":23,"column":0}},"23":{"start":{"line":24,"column":0},"end":{"line":24,"column":65}},"24":{"start":{"line":25,"column":0},"end":{"line":25,"column":17}},"25":{"start":{"line":26,"column":0},"end":{"line":26,"column":23}},"26":{"start":{"line":27,"column":0},"end":{"line":27,"column":64}},"27":{"start":{"line":28,"column":0},"end":{"line":28,"column":3}},"28":{"start":{"line":29,"column":0},"end":{"line":29,"column":3}},"29":{"start":{"line":30,"column":0},"end":{"line":30,"column":0}},"30":{"start":{"line":31,"column":0},"end":{"line":31,"column":21}},"31":{"start":{"line":32,"column":0},"end":{"line":32,"column":0}},"32":{"start":{"line":33,"column":0},"end":{"line":33,"column":30}},"33":{"start":{"line":34,"column":0},"end":{"line":34,"column":69}},"34":{"start":{"line":35,"column":0},"end":{"line":35,"column":1}}},"s":{"0":1,"1":1,"2":1,"3":1,"4":1,"5":1,"6":1,"7":2,"8":1,"9":1,"10":1,"11":4,"12":4,"13":4,"14":4,"15":2,"16":2,"17":2,"18":2,"19":2,"20":1,"21":1,"22":1,"23":1,"24":4,"25":1,"26":1,"27":1,"28":1,"29":1,"30":1,"31":1,"32":1,"33":0,"34":0},"branchMap":{"0":{"type":"branch","line":33,"loc":{"start":{"line":33,"column":29},"end":{"line":35,"column":1}},"locations":[{"start":{"line":33,"column":29},"end":{"line":35,"column":1}}]},"1":{"type":"branch","line":7,"loc":{"start":{"line":7,"column":19},"end":{"line":9,"column":2}},"locations":[{"start":{"line":7,"column":19},"end":{"line":9,"column":2}}]},"2":{"type":"branch","line":11,"loc":{"start":{"line":11,"column":21},"end":{"line":29,"column":2}},"locations":[{"start":{"line":11,"column":21},"end":{"line":29,"column":2}}]},"3":{"type":"branch","line":15,"loc":{"start":{"line":15,"column":14},"end":{"line":25,"column":4}},"locations":[{"start":{"line":15,"column":14},"end":{"line":25,"column":4}}]},"4":{"type":"branch","line":20,"loc":{"start":{"line":20,"column":37},"end":{"line":25,"column":4}},"locations":[{"start":{"line":20,"column":37},"end":{"line":25,"column":4}}]},"5":{"type":"branch","line":25,"loc":{"start":{"line":25,"column":4},"end":{"line":28,"column":3}},"locations":[{"start":{"line":25,"column":4},"end":{"line":28,"column":3}}]}},"b":{"0":[0],"1":[2],"2":[4],"3":[2],"4":[1],"5":[1]},"fnMap":{},"f":{}}
,"C:\\Users\\suhas\\Downloads\\se-project\\src\\services.js": {"path":"C:\\Users\\suhas\\Downloads\\se-project\\src\\services.js","all":false,"statementMap":{"0":{"start":{"line":1,"column":0},"end":{"line":1,"column":31}},"1":{"start":{"line":2,"column":0},"end":{"line":2,"column":43}},"2":{"start":{"line":3,"column":0},"end":{"line":3,"column":65}},"3":{"start":{"line":4,"column":0},"end":{"line":4,"column":1}},"4":{"start":{"line":5,"column":0},"end":{"line":5,"column":0}},"5":{"start":{"line":6,"column":0},"end":{"line":6,"column":26}},"6":{"start":{"line":7,"column":0},"end":{"line":7,"column":23}},"7":{"start":{"line":8,"column":0},"end":{"line":8,"column":45}},"8":{"start":{"line":9,"column":0},"end":{"line":9,"column":1}},"9":{"start":{"line":10,"column":0},"end":{"line":10,"column":0}},"10":{"start":{"line":11,"column":0},"end":{"line":11,"column":42}}},"s":{"0":2,"1":2,"2":2,"3":2,"4":1,"5":9,"6":9,"7":3,"8":3,"9":1,"10":1},"branchMap":{"0":{"type":"branch","line":1,"loc":{"start":{"line":1,"column":0},"end":{"line":4,"column":1}},"locations":[{"start":{"line":1,"column":0},"end":{"line":4,"column":1}}]},"1":{"type":"branch","line":2,"loc":{"start":{"line":2,"column":12},"end":{"line":2,"column":43}},"locations":[{"start":{"line":2,"column":12},"end":{"line":2,"column":43}}]},"2":{"type":"branch","line":6,"loc":{"start":{"line":6,"column":0},"end":{"line":9,"column":1}},"locations":[{"start":{"line":6,"column":0},"end":{"line":9,"column":1}}]},"3":{"type":"branch","line":7,"loc":{"start":{"line":7,"column":13},"end":{"line":7,"column":23}},"locations":[{"start":{"line":7,"column":13},"end":{"line":7,"column":23}}]},"4":{"type":"branch","line":7,"loc":{"start":{"line":7,"column":22},"end":{"line":9,"column":1}},"locations":[{"start":{"line":7,"column":22},"end":{"line":9,"column":1}}]}},"b":{"0":[2],"1":[0],"2":[9],"3":[6],"4":[3]},"fnMap":{"0":{"name":"fetchBlog","decl":{"start":{"line":1,"column":0},"end":{"line":4,"column":1}},"loc":{"start":{"line":1,"column":0},"end":{"line":4,"column":1}},"line":1},"1":{"name":"cleanHtml","decl":{"start":{"line":6,"column":0},"end":{"line":9,"column":1}},"loc":{"start":{"line":6,"column":0},"end":{"line":9,"column":1}},"line":6}},"f":{"0":2,"1":9}}
}
