TN:
SF:src\app.js
FNF:0
FNH:0
DA:1,1
DA:2,1
DA:3,1
DA:4,1
DA:5,1
DA:6,1
DA:7,1
DA:8,2
DA:9,1
DA:10,1
DA:11,1
DA:12,4
DA:13,4
DA:14,4
DA:15,4
DA:16,2
DA:17,2
DA:18,2
DA:19,2
DA:20,2
DA:21,1
DA:22,1
DA:23,1
DA:24,1
DA:25,4
DA:26,1
DA:27,1
DA:28,1
DA:29,1
DA:30,1
DA:31,1
DA:32,1
DA:33,1
DA:34,0
DA:35,0
LF:35
LH:33
BRDA:33,0,0,0
BRDA:7,1,0,2
BRDA:11,2,0,4
BRDA:15,3,0,2
BRDA:20,4,0,1
BRDA:25,5,0,1
BRF:6
BRH:5
end_of_record
TN:
SF:src\services.js
FN:1,fetchBlog
FN:6,cleanHtml
FNF:2
FNH:2
FNDA:2,fetchBlog
FNDA:9,cleanHtml
DA:1,2
DA:2,2
DA:3,2
DA:4,2
DA:5,1
DA:6,9
DA:7,9
DA:8,3
DA:9,3
DA:10,1
DA:11,1
LF:11
LH:11
BRDA:1,0,0,2
BRDA:2,1,0,0
BRDA:6,2,0,9
BRDA:7,3,0,6
BRDA:7,4,0,3
BRF:5
BRH:4
end_of_record
